#-----------------------------------------------------------
# Vivado v2020.1 (64-bit)
# SW Build 2902540 on Wed May 27 19:54:49 MDT 2020
# IP Build 2902112 on Wed May 27 22:43:36 MDT 2020
# Start of session at: Wed Jan 18 17:43:52 2023
# Process ID: 21612
# Current directory: D:/UTCN/ANUL 3/SSC_FINAL_FINAL
# Command line: vivado.exe -gui_launcher_event rodinguilauncherevent12216 D:\UTCN\ANUL 3\SSC_FINAL_FINAL\SSC_FINAL_FINAL.xpr
# Log file: D:/UTCN/ANUL 3/SSC_FINAL_FINAL/vivado.log
# Journal file: D:/UTCN/ANUL 3/SSC_FINAL_FINAL\vivado.jou
#-----------------------------------------------------------
start_gui
open_project {D:/UTCN/ANUL 3/SSC_FINAL_FINAL/SSC_FINAL_FINAL.xpr}
Scanning sources...
Finished scanning sources
INFO: [IP_Flow 19-234] Refreshing IP repositories
INFO: [IP_Flow 19-1704] No user IP repositories specified
INFO: [IP_Flow 19-2313] Loaded Vivado IP repository 'C:/Xilinx/Vivado/2020.1/data/ip'.
open_project: Time (s): cpu = 00:00:18 ; elapsed = 00:00:07 . Memory (MB): peak = 1026.621 ; gain = 0.000
update_compile_order -fileset sources_1
WARNING: [IP_Flow 19-4067] Ignoring invalid widget type specified checkbox.Providing a default widget
WARNING: [IP_Flow 19-4067] Ignoring invalid widget type specified checkbox.Providing a default widget
exit
INFO: [Common 17-206] Exiting Vivado at Wed Jan 18 17:44:39 2023...
