
*** Running vivado
    with args -log vga_driver.vds -m64 -product Vivado -mode batch -messageDb vivado.pb -notrace -source vga_driver.tcl



****** Vivado v2020.1 (64-bit)
  **** SW Build 2902540 on Wed May 27 19:54:49 MDT 2020
  **** IP Build 2902112 on Wed May 27 22:43:36 MDT 2020
    ** Copyright 1986-2020 Xilinx, Inc. All Rights Reserved.

source vga_driver.tcl -notrace
Command: synth_design -top vga_driver -part xa7a35tcpg236-1I
Starting synth_design
Attempting to get a license for feature 'Synthesis' and/or device 'xa7a35t'
INFO: [Common 17-349] Got license for feature 'Synthesis' and/or device 'xa7a35t'
INFO: [Device 21-403] Loading part xa7a35tcpg236-1I
INFO: [Synth 8-7079] Multithreading enabled for synth_design using a maximum of 2 processes.
INFO: [Synth 8-7078] Launching helper process for spawning children vivado processes
INFO: [Synth 8-7075] Helper process launched with PID 13616
---------------------------------------------------------------------------------
Starting RTL Elaboration : Time (s): cpu = 00:00:07 ; elapsed = 00:00:07 . Memory (MB): peak = 1024.543 ; gain = 0.000
---------------------------------------------------------------------------------
INFO: [Synth 8-638] synthesizing module 'vga_driver' [D:/UTCN/ANUL 3/SSC_FINAL_FINAL/SSC_FINAL_FINAL.srcs/sources_1/new/vga_driver.vhd:22]
INFO: [Synth 8-3491] module 'blk_mem_gen_0' declared at 'd:/UTCN/ANUL 3/SSC_FINAL_FINAL/SSC_FINAL_FINAL.srcs/sources_1/ip/blk_mem_gen_0/synth/blk_mem_gen_0.vhd:59' bound to instance 'picture_load' of component 'blk_mem_gen_0' [D:/UTCN/ANUL 3/SSC_FINAL_FINAL/SSC_FINAL_FINAL.srcs/sources_1/new/vga_driver.vhd:121]
INFO: [Synth 8-638] synthesizing module 'blk_mem_gen_0' [d:/UTCN/ANUL 3/SSC_FINAL_FINAL/SSC_FINAL_FINAL.srcs/sources_1/ip/blk_mem_gen_0/synth/blk_mem_gen_0.vhd:69]
	Parameter C_FAMILY bound to: artix7 - type: string 
	Parameter C_XDEVICEFAMILY bound to: aartix7 - type: string 
	Parameter C_ELABORATION_DIR bound to: ./ - type: string 
	Parameter C_INTERFACE_TYPE bound to: 0 - type: integer 
	Parameter C_AXI_TYPE bound to: 1 - type: integer 
	Parameter C_AXI_SLAVE_TYPE bound to: 0 - type: integer 
	Parameter C_USE_BRAM_BLOCK bound to: 0 - type: integer 
	Parameter C_ENABLE_32BIT_ADDRESS bound to: 0 - type: integer 
	Parameter C_CTRL_ECC_ALGO bound to: NONE - type: string 
	Parameter C_HAS_AXI_ID bound to: 0 - type: integer 
	Parameter C_AXI_ID_WIDTH bound to: 4 - type: integer 
	Parameter C_MEM_TYPE bound to: 0 - type: integer 
	Parameter C_BYTE_SIZE bound to: 9 - type: integer 
	Parameter C_ALGORITHM bound to: 1 - type: integer 
	Parameter C_PRIM_TYPE bound to: 1 - type: integer 
	Parameter C_LOAD_INIT_FILE bound to: 1 - type: integer 
	Parameter C_INIT_FILE_NAME bound to: blk_mem_gen_0.mif - type: string 
	Parameter C_INIT_FILE bound to: blk_mem_gen_0.mem - type: string 
	Parameter C_USE_DEFAULT_DATA bound to: 0 - type: integer 
	Parameter C_DEFAULT_DATA bound to: 0 - type: string 
	Parameter C_HAS_RSTA bound to: 0 - type: integer 
	Parameter C_RST_PRIORITY_A bound to: CE - type: string 
	Parameter C_RSTRAM_A bound to: 0 - type: integer 
	Parameter C_INITA_VAL bound to: 0 - type: string 
	Parameter C_HAS_ENA bound to: 0 - type: integer 
	Parameter C_HAS_REGCEA bound to: 0 - type: integer 
	Parameter C_USE_BYTE_WEA bound to: 0 - type: integer 
	Parameter C_WEA_WIDTH bound to: 1 - type: integer 
	Parameter C_WRITE_MODE_A bound to: WRITE_FIRST - type: string 
	Parameter C_WRITE_WIDTH_A bound to: 8 - type: integer 
	Parameter C_READ_WIDTH_A bound to: 8 - type: integer 
	Parameter C_WRITE_DEPTH_A bound to: 65536 - type: integer 
	Parameter C_READ_DEPTH_A bound to: 65536 - type: integer 
	Parameter C_ADDRA_WIDTH bound to: 16 - type: integer 
	Parameter C_HAS_RSTB bound to: 0 - type: integer 
	Parameter C_RST_PRIORITY_B bound to: CE - type: string 
	Parameter C_RSTRAM_B bound to: 0 - type: integer 
	Parameter C_INITB_VAL bound to: 0 - type: string 
	Parameter C_HAS_ENB bound to: 0 - type: integer 
	Parameter C_HAS_REGCEB bound to: 0 - type: integer 
	Parameter C_USE_BYTE_WEB bound to: 0 - type: integer 
	Parameter C_WEB_WIDTH bound to: 1 - type: integer 
	Parameter C_WRITE_MODE_B bound to: WRITE_FIRST - type: string 
	Parameter C_WRITE_WIDTH_B bound to: 8 - type: integer 
	Parameter C_READ_WIDTH_B bound to: 8 - type: integer 
	Parameter C_WRITE_DEPTH_B bound to: 65536 - type: integer 
	Parameter C_READ_DEPTH_B bound to: 65536 - type: integer 
	Parameter C_ADDRB_WIDTH bound to: 16 - type: integer 
	Parameter C_HAS_MEM_OUTPUT_REGS_A bound to: 0 - type: integer 
	Parameter C_HAS_MEM_OUTPUT_REGS_B bound to: 0 - type: integer 
	Parameter C_HAS_MUX_OUTPUT_REGS_A bound to: 0 - type: integer 
	Parameter C_HAS_MUX_OUTPUT_REGS_B bound to: 0 - type: integer 
	Parameter C_MUX_PIPELINE_STAGES bound to: 0 - type: integer 
	Parameter C_HAS_SOFTECC_INPUT_REGS_A bound to: 0 - type: integer 
	Parameter C_HAS_SOFTECC_OUTPUT_REGS_B bound to: 0 - type: integer 
	Parameter C_USE_SOFTECC bound to: 0 - type: integer 
	Parameter C_USE_ECC bound to: 0 - type: integer 
	Parameter C_EN_ECC_PIPE bound to: 0 - type: integer 
	Parameter C_READ_LATENCY_A bound to: 1 - type: integer 
	Parameter C_READ_LATENCY_B bound to: 1 - type: integer 
	Parameter C_HAS_INJECTERR bound to: 0 - type: integer 
	Parameter C_SIM_COLLISION_CHECK bound to: ALL - type: string 
	Parameter C_COMMON_CLK bound to: 0 - type: integer 
	Parameter C_DISABLE_WARN_BHV_COLL bound to: 0 - type: integer 
	Parameter C_EN_SLEEP_PIN bound to: 0 - type: integer 
	Parameter C_USE_URAM bound to: 0 - type: integer 
	Parameter C_EN_RDADDRA_CHG bound to: 0 - type: integer 
	Parameter C_EN_RDADDRB_CHG bound to: 0 - type: integer 
	Parameter C_EN_DEEPSLEEP_PIN bound to: 0 - type: integer 
	Parameter C_EN_SHUTDOWN_PIN bound to: 0 - type: integer 
	Parameter C_EN_SAFETY_CKT bound to: 0 - type: integer 
	Parameter C_DISABLE_WARN_BHV_RANGE bound to: 0 - type: integer 
	Parameter C_COUNT_36K_BRAM bound to: 16 - type: string 
	Parameter C_COUNT_18K_BRAM bound to: 0 - type: string 
	Parameter C_EST_POWER_SUMMARY bound to: Estimated Power for IP     :     18.569202 mW - type: string 
INFO: [Synth 8-3491] module 'blk_mem_gen_v8_4_4' declared at 'd:/UTCN/ANUL 3/SSC_FINAL_FINAL/SSC_FINAL_FINAL.srcs/sources_1/ip/blk_mem_gen_0/hdl/blk_mem_gen_v8_4_vhsyn_rfs.vhd:195321' bound to instance 'U0' of component 'blk_mem_gen_v8_4_4' [d:/UTCN/ANUL 3/SSC_FINAL_FINAL/SSC_FINAL_FINAL.srcs/sources_1/ip/blk_mem_gen_0/synth/blk_mem_gen_0.vhd:234]
INFO: [Synth 8-256] done synthesizing module 'blk_mem_gen_0' (11#1) [d:/UTCN/ANUL 3/SSC_FINAL_FINAL/SSC_FINAL_FINAL.srcs/sources_1/ip/blk_mem_gen_0/synth/blk_mem_gen_0.vhd:69]
INFO: [Synth 8-3491] module 'clk_wiz_1' declared at 'D:/UTCN/ANUL 3/SSC_FINAL_FINAL/SSC_FINAL_FINAL.runs/synth_1/.Xil/Vivado-14288-DESKTOP-0VDC3AM/realtime/clk_wiz_1_stub.v:5' bound to instance 'clk_divider' of component 'clk_wiz_1' [D:/UTCN/ANUL 3/SSC_FINAL_FINAL/SSC_FINAL_FINAL.srcs/sources_1/new/vga_driver.vhd:122]
INFO: [Synth 8-6157] synthesizing module 'clk_wiz_1' [D:/UTCN/ANUL 3/SSC_FINAL_FINAL/SSC_FINAL_FINAL.runs/synth_1/.Xil/Vivado-14288-DESKTOP-0VDC3AM/realtime/clk_wiz_1_stub.v:5]
INFO: [Synth 8-6155] done synthesizing module 'clk_wiz_1' (12#1) [D:/UTCN/ANUL 3/SSC_FINAL_FINAL/SSC_FINAL_FINAL.runs/synth_1/.Xil/Vivado-14288-DESKTOP-0VDC3AM/realtime/clk_wiz_1_stub.v:5]
INFO: [Synth 8-3491] module 'mpg' declared at 'D:/UTCN/ANUL 3/SSC_FINAL_FINAL/SSC_FINAL_FINAL.srcs/sources_1/new/mpg.vhd:27' bound to instance 'btn_Right' of component 'mpg' [D:/UTCN/ANUL 3/SSC_FINAL_FINAL/SSC_FINAL_FINAL.srcs/sources_1/new/vga_driver.vhd:123]
INFO: [Synth 8-638] synthesizing module 'mpg' [D:/UTCN/ANUL 3/SSC_FINAL_FINAL/SSC_FINAL_FINAL.srcs/sources_1/new/mpg.vhd:33]
INFO: [Synth 8-256] done synthesizing module 'mpg' (13#1) [D:/UTCN/ANUL 3/SSC_FINAL_FINAL/SSC_FINAL_FINAL.srcs/sources_1/new/mpg.vhd:33]
INFO: [Synth 8-3491] module 'mpg' declared at 'D:/UTCN/ANUL 3/SSC_FINAL_FINAL/SSC_FINAL_FINAL.srcs/sources_1/new/mpg.vhd:27' bound to instance 'btn_Left' of component 'mpg' [D:/UTCN/ANUL 3/SSC_FINAL_FINAL/SSC_FINAL_FINAL.srcs/sources_1/new/vga_driver.vhd:124]
INFO: [Synth 8-3491] module 'mpg' declared at 'D:/UTCN/ANUL 3/SSC_FINAL_FINAL/SSC_FINAL_FINAL.srcs/sources_1/new/mpg.vhd:27' bound to instance 'btn_Up' of component 'mpg' [D:/UTCN/ANUL 3/SSC_FINAL_FINAL/SSC_FINAL_FINAL.srcs/sources_1/new/vga_driver.vhd:125]
INFO: [Synth 8-3491] module 'mpg' declared at 'D:/UTCN/ANUL 3/SSC_FINAL_FINAL/SSC_FINAL_FINAL.srcs/sources_1/new/mpg.vhd:27' bound to instance 'btn_Down' of component 'mpg' [D:/UTCN/ANUL 3/SSC_FINAL_FINAL/SSC_FINAL_FINAL.srcs/sources_1/new/vga_driver.vhd:126]
WARNING: [Synth 8-614] signal 'clk25' is read in the process but is not in the sensitivity list [D:/UTCN/ANUL 3/SSC_FINAL_FINAL/SSC_FINAL_FINAL.srcs/sources_1/new/vga_driver.vhd:128]
WARNING: [Synth 8-614] signal 'clk40' is read in the process but is not in the sensitivity list [D:/UTCN/ANUL 3/SSC_FINAL_FINAL/SSC_FINAL_FINAL.srcs/sources_1/new/vga_driver.vhd:128]
WARNING: [Synth 8-614] signal 'HD' is read in the process but is not in the sensitivity list [D:/UTCN/ANUL 3/SSC_FINAL_FINAL/SSC_FINAL_FINAL.srcs/sources_1/new/vga_driver.vhd:247]
WARNING: [Synth 8-614] signal 'VD' is read in the process but is not in the sensitivity list [D:/UTCN/ANUL 3/SSC_FINAL_FINAL/SSC_FINAL_FINAL.srcs/sources_1/new/vga_driver.vhd:247]
INFO: [Synth 8-256] done synthesizing module 'vga_driver' (14#1) [D:/UTCN/ANUL 3/SSC_FINAL_FINAL/SSC_FINAL_FINAL.srcs/sources_1/new/vga_driver.vhd:22]
---------------------------------------------------------------------------------
Finished RTL Elaboration : Time (s): cpu = 00:00:26 ; elapsed = 00:00:27 . Memory (MB): peak = 1192.277 ; gain = 167.734
---------------------------------------------------------------------------------
---------------------------------------------------------------------------------
Start Handling Custom Attributes
---------------------------------------------------------------------------------
---------------------------------------------------------------------------------
Finished Handling Custom Attributes : Time (s): cpu = 00:00:26 ; elapsed = 00:00:27 . Memory (MB): peak = 1192.277 ; gain = 167.734
---------------------------------------------------------------------------------
---------------------------------------------------------------------------------
Finished RTL Optimization Phase 1 : Time (s): cpu = 00:00:26 ; elapsed = 00:00:27 . Memory (MB): peak = 1192.277 ; gain = 167.734
---------------------------------------------------------------------------------
Netlist sorting complete. Time (s): cpu = 00:00:00 ; elapsed = 00:00:00.019 . Memory (MB): peak = 1192.277 ; gain = 0.000
INFO: [Netlist 29-17] Analyzing 16 Unisim elements for replacement
INFO: [Netlist 29-28] Unisim Transformation completed in 0 CPU seconds
INFO: [Project 1-570] Preparing netlist for logic optimization

Processing XDC Constraints
Initializing timing engine
Parsing XDC File [d:/UTCN/ANUL 3/SSC_FINAL_FINAL/SSC_FINAL_FINAL.srcs/sources_1/ip/clk_wiz_1/clk_wiz_1/clk_wiz_1_in_context.xdc] for cell 'clk_divider'
WARNING: [Vivado 12-584] No ports matched ''. [d:/UTCN/ANUL 3/SSC_FINAL_FINAL/SSC_FINAL_FINAL.srcs/sources_1/ip/clk_wiz_1/clk_wiz_1/clk_wiz_1_in_context.xdc:1]
WARNING: [Vivado 12-584] No ports matched ''. [d:/UTCN/ANUL 3/SSC_FINAL_FINAL/SSC_FINAL_FINAL.srcs/sources_1/ip/clk_wiz_1/clk_wiz_1/clk_wiz_1_in_context.xdc:4]
WARNING: [Vivado 12-584] No ports matched ''. [d:/UTCN/ANUL 3/SSC_FINAL_FINAL/SSC_FINAL_FINAL.srcs/sources_1/ip/clk_wiz_1/clk_wiz_1/clk_wiz_1_in_context.xdc:6]
Finished Parsing XDC File [d:/UTCN/ANUL 3/SSC_FINAL_FINAL/SSC_FINAL_FINAL.srcs/sources_1/ip/clk_wiz_1/clk_wiz_1/clk_wiz_1_in_context.xdc] for cell 'clk_divider'
Parsing XDC File [D:/UTCN/ANUL 3/SSC_FINAL_FINAL/Basys3_test_env.xdc]
WARNING: [Vivado 12-584] No ports matched 'R[3]'. [D:/UTCN/ANUL 3/SSC_FINAL_FINAL/Basys3_test_env.xdc:97]
WARNING: [Vivado 12-584] No ports matched 'R[3]'. [D:/UTCN/ANUL 3/SSC_FINAL_FINAL/Basys3_test_env.xdc:98]
WARNING: [Vivado 12-584] No ports matched 'B[2]'. [D:/UTCN/ANUL 3/SSC_FINAL_FINAL/Basys3_test_env.xdc:103]
WARNING: [Vivado 12-584] No ports matched 'B[2]'. [D:/UTCN/ANUL 3/SSC_FINAL_FINAL/Basys3_test_env.xdc:104]
WARNING: [Vivado 12-584] No ports matched 'B[3]'. [D:/UTCN/ANUL 3/SSC_FINAL_FINAL/Basys3_test_env.xdc:105]
WARNING: [Vivado 12-584] No ports matched 'B[3]'. [D:/UTCN/ANUL 3/SSC_FINAL_FINAL/Basys3_test_env.xdc:106]
WARNING: [Vivado 12-584] No ports matched 'G[3]'. [D:/UTCN/ANUL 3/SSC_FINAL_FINAL/Basys3_test_env.xdc:113]
WARNING: [Vivado 12-584] No ports matched 'G[3]'. [D:/UTCN/ANUL 3/SSC_FINAL_FINAL/Basys3_test_env.xdc:114]
Finished Parsing XDC File [D:/UTCN/ANUL 3/SSC_FINAL_FINAL/Basys3_test_env.xdc]
WARNING: [Project 1-498] One or more constraints failed evaluation while reading constraint file [D:/UTCN/ANUL 3/SSC_FINAL_FINAL/Basys3_test_env.xdc] and the design contains unresolved black boxes. These constraints will be read post-synthesis (as long as their source constraint file is marked as used_in_implementation) and should be applied correctly then. You should review the constraints listed in the file [.Xil/vga_driver_propImpl.xdc] and check the run log file to verify that these constraints were correctly applied.
INFO: [Project 1-236] Implementation specific constraints were found while reading constraint file [D:/UTCN/ANUL 3/SSC_FINAL_FINAL/Basys3_test_env.xdc]. These constraints will be ignored for synthesis but will be used in implementation. Impacted constraints are listed in the file [.Xil/vga_driver_propImpl.xdc].
Resolution: To avoid this warning, move constraints listed in [.Xil/vga_driver_propImpl.xdc] to another XDC file and exclude this new file from synthesis with the used_in_synthesis property (File Properties dialog in GUI) and re-run elaboration/synthesis.
Parsing XDC File [D:/UTCN/ANUL 3/SSC_FINAL_FINAL/SSC_FINAL_FINAL.runs/synth_1/dont_touch.xdc]
Finished Parsing XDC File [D:/UTCN/ANUL 3/SSC_FINAL_FINAL/SSC_FINAL_FINAL.runs/synth_1/dont_touch.xdc]
Completed Processing XDC Constraints

Netlist sorting complete. Time (s): cpu = 00:00:00 ; elapsed = 00:00:00 . Memory (MB): peak = 1192.277 ; gain = 0.000
INFO: [Project 1-111] Unisim Transformation Summary:
No Unisim elements were transformed.

Constraint Validation Runtime : Time (s): cpu = 00:00:00 ; elapsed = 00:00:00.027 . Memory (MB): peak = 1192.277 ; gain = 0.000
---------------------------------------------------------------------------------
Finished Constraint Validation : Time (s): cpu = 00:00:33 ; elapsed = 00:00:34 . Memory (MB): peak = 1192.277 ; gain = 167.734
---------------------------------------------------------------------------------
---------------------------------------------------------------------------------
Start Loading Part and Timing Information
---------------------------------------------------------------------------------
Loading part: xa7a35tcpg236-1I
---------------------------------------------------------------------------------
Finished Loading Part and Timing Information : Time (s): cpu = 00:00:33 ; elapsed = 00:00:34 . Memory (MB): peak = 1192.277 ; gain = 167.734
---------------------------------------------------------------------------------
---------------------------------------------------------------------------------
Start Applying 'set_property' XDC Constraints
---------------------------------------------------------------------------------
Applied set_property IO_BUFFER_TYPE = NONE for clk. (constraint file  {d:/UTCN/ANUL 3/SSC_FINAL_FINAL/SSC_FINAL_FINAL.srcs/sources_1/ip/clk_wiz_1/clk_wiz_1/clk_wiz_1_in_context.xdc}, line 7).
Applied set_property CLOCK_BUFFER_TYPE = NONE for clk. (constraint file  {d:/UTCN/ANUL 3/SSC_FINAL_FINAL/SSC_FINAL_FINAL.srcs/sources_1/ip/clk_wiz_1/clk_wiz_1/clk_wiz_1_in_context.xdc}, line 8).
Applied set_property DONT_TOUCH = true for picture_load. (constraint file  auto generated constraint, line ).
Applied set_property DONT_TOUCH = true for clk_divider. (constraint file  auto generated constraint, line ).
---------------------------------------------------------------------------------
Finished applying 'set_property' XDC Constraints : Time (s): cpu = 00:00:34 ; elapsed = 00:00:34 . Memory (MB): peak = 1192.277 ; gain = 167.734
---------------------------------------------------------------------------------
WARNING: [Synth 8-327] inferring latch for variable 'row_reg' [D:/UTCN/ANUL 3/SSC_FINAL_FINAL/SSC_FINAL_FINAL.srcs/sources_1/new/vga_driver.vhd:253]
WARNING: [Synth 8-327] inferring latch for variable 'column_reg' [D:/UTCN/ANUL 3/SSC_FINAL_FINAL/SSC_FINAL_FINAL.srcs/sources_1/new/vga_driver.vhd:250]
---------------------------------------------------------------------------------
Finished RTL Optimization Phase 2 : Time (s): cpu = 00:00:34 ; elapsed = 00:00:35 . Memory (MB): peak = 1192.277 ; gain = 167.734
---------------------------------------------------------------------------------
---------------------------------------------------------------------------------
Start RTL Component Statistics 
---------------------------------------------------------------------------------
Detailed RTL Component Info : 
+---Adders : 
	   2 Input   32 Bit       Adders := 4     
	   3 Input   32 Bit       Adders := 4     
	   3 Input   16 Bit       Adders := 1     
+---Registers : 
	                3 Bit    Registers := 2     
	                2 Bit    Registers := 3     
	                1 Bit    Registers := 15    
+---Muxes : 
	   2 Input   11 Bit        Muxes := 2     
	   2 Input    9 Bit        Muxes := 1     
	   4 Input    8 Bit        Muxes := 2     
	   2 Input    8 Bit        Muxes := 1     
	   2 Input    7 Bit        Muxes := 2     
	   2 Input    5 Bit        Muxes := 1     
	   2 Input    4 Bit        Muxes := 1     
	   2 Input    3 Bit        Muxes := 12    
	   2 Input    2 Bit        Muxes := 6     
	   2 Input    1 Bit        Muxes := 13    
---------------------------------------------------------------------------------
Finished RTL Component Statistics 
---------------------------------------------------------------------------------
---------------------------------------------------------------------------------
Start Part Resource Summary
---------------------------------------------------------------------------------
Part Resources:
DSPs: 90 (col length:60)
BRAMs: 100 (col length: RAMB18 60 RAMB36 30)
---------------------------------------------------------------------------------
Finished Part Resource Summary
---------------------------------------------------------------------------------
---------------------------------------------------------------------------------
Start Cross Boundary and Area Optimization
---------------------------------------------------------------------------------
DSP Report: Generating DSP addra1, operation Mode is: A*(B:0xff).
DSP Report: operator addra1 is absorbed into DSP addra1.
DSP Report: Generating DSP addra_reg, operation Mode is: (PCIN+A:B+C)'.
DSP Report: register addra_reg is absorbed into DSP addra_reg.
DSP Report: operator addra0 is absorbed into DSP addra_reg.
---------------------------------------------------------------------------------
Finished Cross Boundary and Area Optimization : Time (s): cpu = 00:00:36 ; elapsed = 00:00:37 . Memory (MB): peak = 1192.277 ; gain = 167.734
---------------------------------------------------------------------------------
---------------------------------------------------------------------------------
Start ROM, RAM, DSP and Shift Register Reporting
---------------------------------------------------------------------------------

DSP: Preliminary Mapping	Report (see note below)
+------------+---------------+--------+--------+--------+--------+--------+------+------+------+------+-------+------+------+
|Module Name | DSP Mapping   | A Size | B Size | C Size | D Size | P Size | AREG | BREG | CREG | DREG | ADREG | MREG | PREG | 
+------------+---------------+--------+--------+--------+--------+--------+------+------+------+------+-------+------+------+
|vga_driver  | A*(B:0xff)    | 16     | 9      | -      | -      | 25     | 0    | 0    | -    | -    | -     | 0    | 0    | 
|vga_driver  | (PCIN+A:B+C)' | 30     | 18     | 48     | -      | -1     | 0    | 0    | 0    | -    | -     | 0    | 1    | 
+------------+---------------+--------+--------+--------+--------+--------+------+------+------+------+-------+------+------+

Note: The table above is a preliminary report that shows the DSPs inferred at the current stage of the synthesis flow. Some DSP may be reimplemented as non DSP primitives later in the synthesis flow. Multiple instantiated DSPs are reported only once.
---------------------------------------------------------------------------------
Finished ROM, RAM, DSP and Shift Register Reporting
---------------------------------------------------------------------------------
---------------------------------------------------------------------------------
Start Applying XDC Timing Constraints
---------------------------------------------------------------------------------
---------------------------------------------------------------------------------
Finished Applying XDC Timing Constraints : Time (s): cpu = 00:00:47 ; elapsed = 00:00:48 . Memory (MB): peak = 1192.277 ; gain = 167.734
---------------------------------------------------------------------------------
---------------------------------------------------------------------------------
Start Timing Optimization
---------------------------------------------------------------------------------
---------------------------------------------------------------------------------
Finished Timing Optimization : Time (s): cpu = 00:00:48 ; elapsed = 00:00:49 . Memory (MB): peak = 1192.277 ; gain = 167.734
---------------------------------------------------------------------------------
---------------------------------------------------------------------------------
Start Technology Mapping
---------------------------------------------------------------------------------
---------------------------------------------------------------------------------
Finished Technology Mapping : Time (s): cpu = 00:00:48 ; elapsed = 00:00:49 . Memory (MB): peak = 1192.277 ; gain = 167.734
---------------------------------------------------------------------------------
---------------------------------------------------------------------------------
Start IO Insertion
---------------------------------------------------------------------------------
---------------------------------------------------------------------------------
Start Flattening Before IO Insertion
---------------------------------------------------------------------------------
---------------------------------------------------------------------------------
Finished Flattening Before IO Insertion
---------------------------------------------------------------------------------
---------------------------------------------------------------------------------
Start Final Netlist Cleanup
---------------------------------------------------------------------------------
---------------------------------------------------------------------------------
Finished Final Netlist Cleanup
---------------------------------------------------------------------------------
---------------------------------------------------------------------------------
Finished IO Insertion : Time (s): cpu = 00:00:52 ; elapsed = 00:00:53 . Memory (MB): peak = 1192.277 ; gain = 167.734
---------------------------------------------------------------------------------
---------------------------------------------------------------------------------
Start Renaming Generated Instances
---------------------------------------------------------------------------------
---------------------------------------------------------------------------------
Finished Renaming Generated Instances : Time (s): cpu = 00:00:52 ; elapsed = 00:00:53 . Memory (MB): peak = 1192.277 ; gain = 167.734
---------------------------------------------------------------------------------
---------------------------------------------------------------------------------
Start Rebuilding User Hierarchy
---------------------------------------------------------------------------------
---------------------------------------------------------------------------------
Finished Rebuilding User Hierarchy : Time (s): cpu = 00:00:52 ; elapsed = 00:00:53 . Memory (MB): peak = 1192.277 ; gain = 167.734
---------------------------------------------------------------------------------
---------------------------------------------------------------------------------
Start Renaming Generated Ports
---------------------------------------------------------------------------------
---------------------------------------------------------------------------------
Finished Renaming Generated Ports : Time (s): cpu = 00:00:52 ; elapsed = 00:00:53 . Memory (MB): peak = 1192.277 ; gain = 167.734
---------------------------------------------------------------------------------
---------------------------------------------------------------------------------
Start Handling Custom Attributes
---------------------------------------------------------------------------------
---------------------------------------------------------------------------------
Finished Handling Custom Attributes : Time (s): cpu = 00:00:52 ; elapsed = 00:00:53 . Memory (MB): peak = 1192.277 ; gain = 167.734
---------------------------------------------------------------------------------
---------------------------------------------------------------------------------
Start Renaming Generated Nets
---------------------------------------------------------------------------------
---------------------------------------------------------------------------------
Finished Renaming Generated Nets : Time (s): cpu = 00:00:52 ; elapsed = 00:00:53 . Memory (MB): peak = 1192.277 ; gain = 167.734
---------------------------------------------------------------------------------
---------------------------------------------------------------------------------
Start Writing Synthesis Report
---------------------------------------------------------------------------------

Report BlackBoxes: 
+------+--------------+----------+
|      |BlackBox name |Instances |
+------+--------------+----------+
|1     |clk_wiz_1     |         1|
+------+--------------+----------+

Report Cell Usage: 
+------+---------+------+
|      |Cell     |Count |
+------+---------+------+
|1     |clk_wiz  |     1|
|2     |BUFG     |     3|
|3     |CARRY4   |   107|
|4     |DSP48E1  |     2|
|6     |LUT1     |    27|
|7     |LUT2     |   303|
|8     |LUT3     |   131|
|9     |LUT4     |    12|
|10    |LUT5     |     8|
|11    |LUT6     |    10|
|12    |RAMB36E1 |    16|
|27    |FDRE     |   165|
|28    |LD       |    64|
|29    |IBUF     |     8|
|30    |OBUF     |    10|
+------+---------+------+
---------------------------------------------------------------------------------
Finished Writing Synthesis Report : Time (s): cpu = 00:00:52 ; elapsed = 00:00:53 . Memory (MB): peak = 1192.277 ; gain = 167.734
---------------------------------------------------------------------------------
Synthesis finished with 0 errors, 0 critical warnings and 2 warnings.
Synthesis Optimization Runtime : Time (s): cpu = 00:00:23 ; elapsed = 00:00:50 . Memory (MB): peak = 1192.277 ; gain = 167.734
Synthesis Optimization Complete : Time (s): cpu = 00:00:52 ; elapsed = 00:00:53 . Memory (MB): peak = 1192.277 ; gain = 167.734
INFO: [Project 1-571] Translating synthesized netlist
Netlist sorting complete. Time (s): cpu = 00:00:00 ; elapsed = 00:00:00.013 . Memory (MB): peak = 1192.277 ; gain = 0.000
INFO: [Netlist 29-17] Analyzing 189 Unisim elements for replacement
INFO: [Netlist 29-28] Unisim Transformation completed in 0 CPU seconds
INFO: [Project 1-570] Preparing netlist for logic optimization
INFO: [Opt 31-140] Inserted 1 IBUFs to IO ports without IO buffers.
INFO: [Opt 31-138] Pushed 0 inverter(s) to 0 load pin(s).
Netlist sorting complete. Time (s): cpu = 00:00:00 ; elapsed = 00:00:00 . Memory (MB): peak = 1192.277 ; gain = 0.000
INFO: [Project 1-111] Unisim Transformation Summary:
  A total of 64 instances were transformed.
  LD => LDCE: 64 instances

INFO: [Common 17-83] Releasing license: Synthesis
33 Infos, 18 Warnings, 0 Critical Warnings and 0 Errors encountered.
synth_design completed successfully
synth_design: Time (s): cpu = 00:00:57 ; elapsed = 00:00:59 . Memory (MB): peak = 1192.277 ; gain = 167.734
INFO: [Common 17-1381] The checkpoint 'D:/UTCN/ANUL 3/SSC_FINAL_FINAL/SSC_FINAL_FINAL.runs/synth_1/vga_driver.dcp' has been generated.
INFO: [runtcl-4] Executing : report_utilization -file vga_driver_utilization_synth.rpt -pb vga_driver_utilization_synth.pb
INFO: [Common 17-206] Exiting Vivado at Wed Jan 18 16:44:08 2023...
